Using pre-set license
Built from '6000.0/release' branch; Version is '6000.0.35f1 (9a3bc604008a) revision 10107846'; Using compiler version '193933523'; Build Type 'Release'
OS: 'Windows 11  (10.0.22631) 64bit Education' Language: 'pt' Physical Memory: 16053 MB
BatchMode: 1, IsHumanControllingUs: 0, StartBugReporterOnCrash: 0, Is64bit: 1, IsPro: 1

COMMAND LINE ARGUMENTS:
C:\Program Files\Unity\Hub\Editor\6000.0.35f1-x86_64\Editor\Unity.exe
-adb2
-batchMode
-noUpm
-name
AssetImportWorker0
-projectPath
C:/Users/ra00349650/Documents/GitHub/Mod-do-Kartzinho
-logFile
Logs/AssetImportWorker0.log
-srvPort
59157
-job-worker-count
9
-background-job-worker-count
8
-gc-helper-count
1
Successfully changed project path to: C:/Users/ra00349650/Documents/GitHub/Mod-do-Kartzinho
C:/Users/ra00349650/Documents/GitHub/Mod-do-Kartzinho
[UnityMemory] Configuration Parameters - Can be set up in boot.config
    "memorysetup-bucket-allocator-granularity=16"
    "memorysetup-bucket-allocator-bucket-count=8"
    "memorysetup-bucket-allocator-block-size=33554432"
    "memorysetup-bucket-allocator-block-count=8"
    "memorysetup-main-allocator-block-size=16777216"
    "memorysetup-thread-allocator-block-size=16777216"
    "memorysetup-gfx-main-allocator-block-size=16777216"
    "memorysetup-gfx-thread-allocator-block-size=16777216"
    "memorysetup-cache-allocator-block-size=4194304"
    "memorysetup-typetree-allocator-block-size=2097152"
    "memorysetup-profiler-bucket-allocator-granularity=16"
    "memorysetup-profiler-bucket-allocator-bucket-count=8"
    "memorysetup-profiler-bucket-allocator-block-size=33554432"
    "memorysetup-profiler-bucket-allocator-block-count=8"
    "memorysetup-profiler-allocator-block-size=16777216"
    "memorysetup-profiler-editor-allocator-block-size=1048576"
    "memorysetup-temp-allocator-size-main=16777216"
    "memorysetup-job-temp-allocator-block-size=2097152"
    "memorysetup-job-temp-allocator-block-size-background=1048576"
    "memorysetup-job-temp-allocator-reduction-small-platforms=262144"
    "memorysetup-allocator-temp-initial-block-size-main=262144"
    "memorysetup-allocator-temp-initial-block-size-worker=262144"
    "memorysetup-temp-allocator-size-background-worker=32768"
    "memorysetup-temp-allocator-size-job-worker=262144"
    "memorysetup-temp-allocator-size-preload-manager=33554432"
    "memorysetup-temp-allocator-size-nav-mesh-worker=65536"
    "memorysetup-temp-allocator-size-audio-worker=65536"
    "memorysetup-temp-allocator-size-cloud-worker=32768"
    "memorysetup-temp-allocator-size-gi-baking-worker=262144"
    "memorysetup-temp-allocator-size-gi-baking-worker=262144"
    "memorysetup-temp-allocator-size-gi-baking-worker=262144"
    "memorysetup-temp-allocator-size-gi-baking-worker=262144"
    "memorysetup-temp-allocator-size-gi-baking-worker=262144"
    "memorysetup-temp-allocator-size-gfx=262144"
Player connection [3916]  Target information:

Player connection [3916]  * "[IP] 172.17.12.20 [Port] 0 [Flags] 2 [Guid] 3711303652 [EditorId] 3711303652 [Version] 1048832 [Id] WindowsEditor(7,DSP-BRJ3055CCP) [Debug] 1 [PackageName] WindowsEditor [ProjectName] Editor" 

Player connection [3916]  * "[IP] 172.28.96.1 [Port] 0 [Flags] 2 [Guid] 3711303652 [EditorId] 3711303652 [Version] 1048832 [Id] WindowsEditor(7,DSP-BRJ3055CCP) [Debug] 1 [PackageName] WindowsEditor [ProjectName] Editor" 

Player connection [3916]  * "[IP] 192.168.56.1 [Port] 0 [Flags] 2 [Guid] 3711303652 [EditorId] 3711303652 [Version] 1048832 [Id] WindowsEditor(7,DSP-BRJ3055CCP) [Debug] 1 [PackageName] WindowsEditor [ProjectName] Editor" 

Player connection [3916] Host joined multi-casting on [225.0.0.222:54997]...
Player connection [3916] Host joined alternative multi-casting on [225.0.0.222:34997]...
JobSystem: Creating JobQueue using job-worker-count value 9
Input System module state changed to: Initialized.
[Physics::Module] Initialized fallback backend.
[Physics::Module] Id: 0xdecafbad
Library Redirect Path: Library/
[Physics::Module] Selected backend.
[Physics::Module] Name: PhysX
[Physics::Module] Id: 0xf2b8ea05
[Physics::Module] SDK Version: 4.1.2
[Physics::Module] Integration Version: 1.0.0
[Physics::Module] Threading Mode: Multi-Threaded
Refreshing native plugins compatible for Editor in 3.23 ms, found 2 plugins.
Preloading 0 native plugins for Editor in 0.00 ms.
Initialize engine version: 6000.0.35f1 (9a3bc604008a)
[Subsystems] Discovering subsystems at path C:/Program Files/Unity/Hub/Editor/6000.0.35f1-x86_64/Editor/Data/Resources/UnitySubsystems
[Subsystems] Discovering subsystems at path C:/Users/ra00349650/Documents/GitHub/Mod-do-Kartzinho/Assets
GfxDevice: creating device client; kGfxThreadingModeNonThreaded
Direct3D:
    Version:  Direct3D 11.0 [level 11.1]
    Renderer: NVIDIA T400 4GB (ID=0x1ff2)
    Vendor:   NVIDIA
    VRAM:     3943 MB
    Driver:   31.0.15.5362
Initialize mono
Mono path[0] = 'C:/Program Files/Unity/Hub/Editor/6000.0.35f1-x86_64/Editor/Data/Managed'
Mono path[1] = 'C:/Program Files/Unity/Hub/Editor/6000.0.35f1-x86_64/Editor/Data/MonoBleedingEdge/lib/mono/unityjit-win32'
Mono config path = 'C:/Program Files/Unity/Hub/Editor/6000.0.35f1-x86_64/Editor/Data/MonoBleedingEdge/etc'
Using monoOptions --debugger-agent=transport=dt_socket,embedding=1,server=y,suspend=n,address=127.0.0.1:56852
Begin MonoManager ReloadAssembly
Registering precompiled unity dll's ...
Register platform support module: C:/Program Files/Unity/Hub/Editor/6000.0.35f1-x86_64/Editor/Data/PlaybackEngines/WindowsStandaloneSupport/UnityEditor.WindowsStandalone.Extensions.dll
Register platform support module: C:/Program Files/Unity/Hub/Editor/6000.0.35f1-x86_64/Editor/Data/PlaybackEngines/AndroidPlayer/UnityEditor.Android.Extensions.dll
Register platform support module: C:/Program Files/Unity/Hub/Editor/6000.0.35f1-x86_64/Editor/Data/PlaybackEngines/iOSSupport/UnityEditor.iOS.Extensions.dll
Registered in 0.001855 seconds.
- Loaded All Assemblies, in  0.289 seconds
[usbmuxd] Start listen thread
[usbmuxd] Listen thread started
Native extension for iOS target not found
Native extension for Android target not found
Android Extension - Scanning For ADB Devices 2199 ms
Native extension for WindowsStandalone target not found
Mono: successfully reloaded assembly
- Finished resetting the current domain, in  2.519 seconds
Domain Reload Profiling: 2808ms
	BeginReloadAssembly (103ms)
		ExecutionOrderSort (0ms)
		DisableScriptedObjects (0ms)
		BackupInstance (0ms)
		ReleaseScriptingObjects (0ms)
		CreateAndSetChildDomain (0ms)
	RebuildCommonClasses (26ms)
	RebuildNativeTypeToScriptingClass (9ms)
	initialDomainReloadingComplete (33ms)
	LoadAllAssembliesAndSetupDomain (117ms)
		LoadAssemblies (103ms)
		RebuildTransferFunctionScriptingTraits (0ms)
		AnalyzeDomain (114ms)
			TypeCache.Refresh (113ms)
				TypeCache.ScanAssembly (103ms)
			BuildScriptInfoCaches (0ms)
			ResolveRequiredComponents (0ms)
	FinalizeReload (2519ms)
		ReleaseScriptCaches (0ms)
		RebuildScriptCaches (0ms)
		SetupLoadedEditorAssemblies (2489ms)
			LogAssemblyErrors (0ms)
			InitializePlatformSupportModulesInManaged (2273ms)
			SetLoadedEditorAssemblies (4ms)
			BeforeProcessingInitializeOnLoad (47ms)
			ProcessInitializeOnLoadAttributes (107ms)
			ProcessInitializeOnLoadMethodAttributes (58ms)
			AfterProcessingInitializeOnLoad (0ms)
			EditorAssembliesLoaded (0ms)
		ExecutionOrderSort2 (0ms)
		AwakeInstancesAfterBackupRestoration (0ms)
========================================================================
Worker process is ready to serve import requests
Import Worker Mode flag is 0x00
Begin MonoManager ReloadAssembly
Symbol file LoadedFromMemory is not a mono symbol file
- Loaded All Assemblies, in  0.549 seconds
Refreshing native plugins compatible for Editor in 2.08 ms, found 2 plugins.
Native extension for iOS target not found
Native extension for Android target not found
Native extension for WindowsStandalone target not found
Refreshing native plugins compatible for Editor in 2.86 ms, found 2 plugins.
Mono: successfully reloaded assembly
- Finished resetting the current domain, in  0.665 seconds
Domain Reload Profiling: 1213ms
	BeginReloadAssembly (162ms)
		ExecutionOrderSort (0ms)
		DisableScriptedObjects (6ms)
		BackupInstance (0ms)
		ReleaseScriptingObjects (0ms)
		CreateAndSetChildDomain (25ms)
	RebuildCommonClasses (36ms)
	RebuildNativeTypeToScriptingClass (11ms)
	initialDomainReloadingComplete (22ms)
	LoadAllAssembliesAndSetupDomain (318ms)
		LoadAssemblies (292ms)
		RebuildTransferFunctionScriptingTraits (0ms)
		AnalyzeDomain (130ms)
			TypeCache.Refresh (95ms)
				TypeCache.ScanAssembly (79ms)
			BuildScriptInfoCaches (30ms)
			ResolveRequiredComponents (3ms)
	FinalizeReload (665ms)
		ReleaseScriptCaches (0ms)
		RebuildScriptCaches (0ms)
		SetupLoadedEditorAssemblies (568ms)
			LogAssemblyErrors (0ms)
			InitializePlatformSupportModulesInManaged (15ms)
			SetLoadedEditorAssemblies (7ms)
			BeforeProcessingInitializeOnLoad (82ms)
			ProcessInitializeOnLoadAttributes (311ms)
			ProcessInitializeOnLoadMethodAttributes (150ms)
			AfterProcessingInitializeOnLoad (2ms)
			EditorAssembliesLoaded (0ms)
		ExecutionOrderSort2 (0ms)
		AwakeInstancesAfterBackupRestoration (5ms)
Launched and connected shader compiler UnityShaderCompiler.exe after 0.01 seconds
Refreshing native plugins compatible for Editor in 4.34 ms, found 2 plugins.
Preloading 0 native plugins for Editor in 0.00 ms.
Unloading 62 Unused Serialized files (Serialized files now loaded: 0)
Unloading 3244 unused Assets / (3.5 MB). Loaded Objects now: 3735.
Memory consumption went from 97.6 MB to 94.0 MB.
Total: 15.153100 ms (FindLiveObjects: 0.424500 ms CreateObjectMapping: 0.358000 ms MarkObjects: 12.829100 ms  DeleteObjects: 1.539700 ms)

========================================================================
Received Import Request.
  Time since last request: 8340.294573 seconds.
  path: Assets/Template Walkthrough.asset
  artifactKey: Guid(08f5116c6f71aa548a00fbd1f56fa92e) Importer(815301076,1909f56bfc062723c751e8b465ee728b)
Start importing Assets/Template Walkthrough.asset using Guid(08f5116c6f71aa548a00fbd1f56fa92e) Importer(815301076,1909f56bfc062723c751e8b465ee728b) (PreviewImporter) -> (artifact id: '673dbf7aeed18eb3ae5f785f4644fb9c') in 0.0097204 seconds
Number of updated asset objects reloaded before import = 0Number of asset objects unloaded after import = 1

========================================================================
Received Import Request.
  Time since last request: 0.000016 seconds.
  path: Assets/pikachu meme.jpg
  artifactKey: Guid(bd72c30002ece4e258c521937a5cc19d) Importer(815301076,1909f56bfc062723c751e8b465ee728b)
Start importing Assets/pikachu meme.jpg using Guid(bd72c30002ece4e258c521937a5cc19d) Importer(815301076,1909f56bfc062723c751e8b465ee728b) (PreviewImporter) -> (artifact id: '67fd9b724cb11c493dad079db3b252a8') in 0.0711516 seconds
Number of updated asset objects reloaded before import = 0Number of asset objects unloaded after import = 2

========================================================================
Received Import Request.
  Time since last request: 0.000016 seconds.
  path: Assets/KartRacerMaterial.mat
  artifactKey: Guid(5304db1f3e113764fae919908740f4ba) Importer(815301076,1909f56bfc062723c751e8b465ee728b)
Start importing Assets/KartRacerMaterial.mat using Guid(5304db1f3e113764fae919908740f4ba) Importer(815301076,1909f56bfc062723c751e8b465ee728b) (PreviewImporter) -> (artifact id: 'e97ee1871459fb59c48a41c33492b68b') in 0.0974405 seconds
Number of updated asset objects reloaded before import = 0Number of asset objects unloaded after import = 1

========================================================================
Received Import Request.
  Time since last request: 0.000017 seconds.
  path: Assets/Screen Shot 2019-08-01 at 5.05.15 PM.png
  artifactKey: Guid(1806f2404937448309a832916fcd6a42) Importer(815301076,1909f56bfc062723c751e8b465ee728b)
Start importing Assets/Screen Shot 2019-08-01 at 5.05.15 PM.png using Guid(1806f2404937448309a832916fcd6a42) Importer(815301076,1909f56bfc062723c751e8b465ee728b) (PreviewImporter) -> (artifact id: '907edb2169cb680e556010641017a17e') in 0.0133622 seconds
Number of updated asset objects reloaded before import = 0Number of asset objects unloaded after import = 2

========================================================================
Received Import Request.
  Time since last request: 0.000082 seconds.
  path: Assets/BuildingShort.prefab
  artifactKey: Guid(45c52fcc7429b214c8f9a6d85321ba77) Importer(815301076,1909f56bfc062723c751e8b465ee728b)
Start importing Assets/BuildingShort.prefab using Guid(45c52fcc7429b214c8f9a6d85321ba77) Importer(815301076,1909f56bfc062723c751e8b465ee728b) (PreviewImporter) -> (artifact id: '1642651b93b1aaff1dcb8c2c5019b31b') in 0.0313454 seconds
Number of updated asset objects reloaded before import = 0Number of asset objects unloaded after import = 294

========================================================================
Received Import Request.
  Time since last request: 20.880691 seconds.
  path: Assets/Materials/nintendo meme.mat
  artifactKey: Guid(8c29f9c8614ce4b0c8da9c657f449db4) Importer(815301076,1909f56bfc062723c751e8b465ee728b)
Start importing Assets/Materials/nintendo meme.mat using Guid(8c29f9c8614ce4b0c8da9c657f449db4) Importer(815301076,1909f56bfc062723c751e8b465ee728b) (PreviewImporter) -> (artifact id: 'c825072bf1d70c070c415891992ac47b') in 0.013395 seconds
Number of updated asset objects reloaded before import = 0Number of asset objects unloaded after import = 1

========================================================================
Received Import Request.
  Time since last request: 0.000034 seconds.
  path: Assets/Materials/Screen Shot 2019-08-01 at 5.05.15 PM.mat
  artifactKey: Guid(9ed72448496124934bb607abc1a37b83) Importer(815301076,1909f56bfc062723c751e8b465ee728b)
Start importing Assets/Materials/Screen Shot 2019-08-01 at 5.05.15 PM.mat using Guid(9ed72448496124934bb607abc1a37b83) Importer(815301076,1909f56bfc062723c751e8b465ee728b) (PreviewImporter) -> (artifact id: '1953b2ee611af7da03fd77a3ac0e55eb') in 0.0117549 seconds
Number of updated asset objects reloaded before import = 0Number of asset objects unloaded after import = 2

========================================================================
Received Import Request.
  Time since last request: 1.420408 seconds.
  path: Assets/KartTemplate/Walkthroughs/Walkthrough5/Walkthrough5-005.asset
  artifactKey: Guid(8c0fe4cc1a06b4330b9280a5e61560b7) Importer(815301076,1909f56bfc062723c751e8b465ee728b)
Start importing Assets/KartTemplate/Walkthroughs/Walkthrough5/Walkthrough5-005.asset using Guid(8c0fe4cc1a06b4330b9280a5e61560b7) Importer(815301076,1909f56bfc062723c751e8b465ee728b) (PreviewImporter) -> (artifact id: '4cd1a695c95710c7f640ff2cc8e5885b') in 0.0134238 seconds
Number of updated asset objects reloaded before import = 0Number of asset objects unloaded after import = 3

========================================================================
Received Import Request.
  Time since last request: 0.000014 seconds.
  path: Assets/KartTemplate/Walkthroughs/Walkthrough5/Walkthrough5-030.asset
  artifactKey: Guid(994d9c3eb7a9a2c4b931b0aa81f35a11) Importer(815301076,1909f56bfc062723c751e8b465ee728b)
Start importing Assets/KartTemplate/Walkthroughs/Walkthrough5/Walkthrough5-030.asset using Guid(994d9c3eb7a9a2c4b931b0aa81f35a11) Importer(815301076,1909f56bfc062723c751e8b465ee728b) (PreviewImporter) -> (artifact id: '5b49e10741359ed9ea3890486e89ce9c') in 0.0036885 seconds
Number of updated asset objects reloaded before import = 0Number of asset objects unloaded after import = 4

========================================================================
Received Import Request.
  Time since last request: 0.000110 seconds.
  path: Assets/KartTemplate/Walkthroughs/Walkthrough5/Walkthrough5-015.asset
  artifactKey: Guid(957cdb143db889f4c8bf8ff83e3cb60e) Importer(815301076,1909f56bfc062723c751e8b465ee728b)
Start importing Assets/KartTemplate/Walkthroughs/Walkthrough5/Walkthrough5-015.asset using Guid(957cdb143db889f4c8bf8ff83e3cb60e) Importer(815301076,1909f56bfc062723c751e8b465ee728b) (PreviewImporter) -> (artifact id: '253694797cbde1ab638ae9ccec7eb2f3') in 0.0030563 seconds
Number of updated asset objects reloaded before import = 0Number of asset objects unloaded after import = 5

========================================================================
Received Import Request.
  Time since last request: 0.433271 seconds.
  path: Assets/KartTemplate/Walkthroughs/Walkthrough4/Walkthrough4-005.asset
  artifactKey: Guid(a3c0acd3a97a8464ea283a617b2bb20c) Importer(815301076,1909f56bfc062723c751e8b465ee728b)
Start importing Assets/KartTemplate/Walkthroughs/Walkthrough4/Walkthrough4-005.asset using Guid(a3c0acd3a97a8464ea283a617b2bb20c) Importer(815301076,1909f56bfc062723c751e8b465ee728b) (PreviewImporter) -> (artifact id: '935c7ef19bfb1a5cdd1e81eda31fbf3b') in 0.0023202 seconds
Number of updated asset objects reloaded before import = 0Number of asset objects unloaded after import = 3

========================================================================
Received Import Request.
  Time since last request: 0.004967 seconds.
  path: Assets/KartTemplate/Walkthroughs/Walkthrough4/Walkthrough4-015.asset
  artifactKey: Guid(562e608e72f564fd587ac4e4e8323957) Importer(815301076,1909f56bfc062723c751e8b465ee728b)
Start importing Assets/KartTemplate/Walkthroughs/Walkthrough4/Walkthrough4-015.asset using Guid(562e608e72f564fd587ac4e4e8323957) Importer(815301076,1909f56bfc062723c751e8b465ee728b) (PreviewImporter) -> (artifact id: '588fec3fc0f1e7956fc22904452402c1') in 0.0062055 seconds
Number of updated asset objects reloaded before import = 0Number of asset objects unloaded after import = 207

========================================================================
Received Import Request.
  Time since last request: 0.000016 seconds.
  path: Assets/KartTemplate/Walkthroughs/Walkthrough4/Walkthrough4-025.asset
  artifactKey: Guid(925c9c088984d4481ba4151bb9eba820) Importer(815301076,1909f56bfc062723c751e8b465ee728b)
Start importing Assets/KartTemplate/Walkthroughs/Walkthrough4/Walkthrough4-025.asset using Guid(925c9c088984d4481ba4151bb9eba820) Importer(815301076,1909f56bfc062723c751e8b465ee728b) (PreviewImporter) -> (artifact id: '9ba8128d3c71d5da1dda41aec0dedd4f') in 0.0098558 seconds
Number of updated asset objects reloaded before import = 0Number of asset objects unloaded after import = 213

========================================================================
Received Import Request.
  Time since last request: 0.000012 seconds.
  path: Assets/KartTemplate/Walkthroughs/Walkthrough4/Walkthrough4-031.asset
  artifactKey: Guid(fb1142c575fff4f0abbd81cfa7064e2c) Importer(815301076,1909f56bfc062723c751e8b465ee728b)
Start importing Assets/KartTemplate/Walkthroughs/Walkthrough4/Walkthrough4-031.asset using Guid(fb1142c575fff4f0abbd81cfa7064e2c) Importer(815301076,1909f56bfc062723c751e8b465ee728b) (PreviewImporter) -> (artifact id: '4f5e13c3794485a58b2c66ca3d73ac99') in 0.0027621 seconds
Number of updated asset objects reloaded before import = 0Number of asset objects unloaded after import = 4

========================================================================
Received Import Request.
  Time since last request: 0.578245 seconds.
  path: Assets/KartTemplate/Walkthroughs/Walkthrough3/Walkthrough3-01-Introduction.asset
  artifactKey: Guid(712d931472a604b86ae947ce442c91f4) Importer(815301076,1909f56bfc062723c751e8b465ee728b)
Start importing Assets/KartTemplate/Walkthroughs/Walkthrough3/Walkthrough3-01-Introduction.asset using Guid(712d931472a604b86ae947ce442c91f4) Importer(815301076,1909f56bfc062723c751e8b465ee728b) (PreviewImporter) -> (artifact id: '2a0775b1e74d6e06b257fa3ed34e6a5f') in 0.0022125 seconds
Number of updated asset objects reloaded before import = 0Number of asset objects unloaded after import = 3

========================================================================
Received Import Request.
  Time since last request: 0.000012 seconds.
  path: Assets/KartTemplate/Walkthroughs/Walkthrough3/Walkthrough3-03-Hand-Tool.asset
  artifactKey: Guid(be18c412097e64f4d879aad1e2f17764) Importer(815301076,1909f56bfc062723c751e8b465ee728b)
Start importing Assets/KartTemplate/Walkthroughs/Walkthrough3/Walkthrough3-03-Hand-Tool.asset using Guid(be18c412097e64f4d879aad1e2f17764) Importer(815301076,1909f56bfc062723c751e8b465ee728b) (PreviewImporter) -> (artifact id: '9c6cd8786e6fd3945d758b79566c2a6e') in 0.0032282 seconds
Number of updated asset objects reloaded before import = 0Number of asset objects unloaded after import = 5

========================================================================
Received Import Request.
  Time since last request: 0.000016 seconds.
  path: Assets/KartTemplate/Walkthroughs/Walkthrough3/Walkthrough3-08-Done.asset
  artifactKey: Guid(e88567c6bec8848d8b483c4effc860fa) Importer(815301076,1909f56bfc062723c751e8b465ee728b)
Start importing Assets/KartTemplate/Walkthroughs/Walkthrough3/Walkthrough3-08-Done.asset using Guid(e88567c6bec8848d8b483c4effc860fa) Importer(815301076,1909f56bfc062723c751e8b465ee728b) (PreviewImporter) -> (artifact id: 'aed5ec96f96e8c96b2768c88c0a69bc0') in 0.0219558 seconds
Number of updated asset objects reloaded before import = 0Number of asset objects unloaded after import = 277

========================================================================
Received Import Request.
  Time since last request: 0.000021 seconds.
  path: Assets/KartTemplate/Walkthroughs/Walkthrough3/WT3-Intro.png
  artifactKey: Guid(22895b4c2ae6441a29c3ff5ca1bfea57) Importer(815301076,1909f56bfc062723c751e8b465ee728b)
Start importing Assets/KartTemplate/Walkthroughs/Walkthrough3/WT3-Intro.png using Guid(22895b4c2ae6441a29c3ff5ca1bfea57) Importer(815301076,1909f56bfc062723c751e8b465ee728b) (PreviewImporter) -> (artifact id: 'a1692ff53905820442bcc4f97d1a1ef8') in 0.0138766 seconds
Number of updated asset objects reloaded before import = 0Number of asset objects unloaded after import = 2

========================================================================
Received Import Request.
  Time since last request: 0.369321 seconds.
  path: Assets/KartTemplate/Walkthroughs/Walkthrough2/Walkthrough2-01-Introduction.asset
  artifactKey: Guid(d7197e78ba002ed479882ce5f34d5ee1) Importer(815301076,1909f56bfc062723c751e8b465ee728b)
Start importing Assets/KartTemplate/Walkthroughs/Walkthrough2/Walkthrough2-01-Introduction.asset using Guid(d7197e78ba002ed479882ce5f34d5ee1) Importer(815301076,1909f56bfc062723c751e8b465ee728b) (PreviewImporter) -> (artifact id: '35389a2d8720303500b32265954f9462') in 0.0023619 seconds
Number of updated asset objects reloaded before import = 0Number of asset objects unloaded after import = 3

========================================================================
Received Import Request.
  Time since last request: 0.000013 seconds.
  path: Assets/KartTemplate/Walkthroughs/Walkthrough2/Walkthrough2-04-Change-Albedo.asset
  artifactKey: Guid(de6cb0d6d7b084050a01059553ea16cd) Importer(815301076,1909f56bfc062723c751e8b465ee728b)
Start importing Assets/KartTemplate/Walkthroughs/Walkthrough2/Walkthrough2-04-Change-Albedo.asset using Guid(de6cb0d6d7b084050a01059553ea16cd) Importer(815301076,1909f56bfc062723c751e8b465ee728b) (PreviewImporter) -> (artifact id: 'c3a22a9946bb340f4f730b50d5c6c163') in 0.0029526 seconds
Number of updated asset objects reloaded before import = 0Number of asset objects unloaded after import = 6

========================================================================
Received Import Request.
  Time since last request: 0.000015 seconds.
  path: Assets/KartTemplate/Walkthroughs/Walkthrough2/WT2-Intro.png
  artifactKey: Guid(c33e2cec9dd454a66a6d2f092aac6124) Importer(815301076,1909f56bfc062723c751e8b465ee728b)
Start importing Assets/KartTemplate/Walkthroughs/Walkthrough2/WT2-Intro.png using Guid(c33e2cec9dd454a66a6d2f092aac6124) Importer(815301076,1909f56bfc062723c751e8b465ee728b) (PreviewImporter) -> (artifact id: '63260cb71e75d6c104e6ef7621caa7b5') in 0.0156915 seconds
Number of updated asset objects reloaded before import = 0Number of asset objects unloaded after import = 2

========================================================================
Received Import Request.
  Time since last request: 0.000021 seconds.
  path: Assets/KartTemplate/Walkthroughs/Walkthrough2/Walkthrough2-03-Select-Material.asset
  artifactKey: Guid(c4b2d55732e7d4c11b1ec9c752f290bd) Importer(815301076,1909f56bfc062723c751e8b465ee728b)
Start importing Assets/KartTemplate/Walkthroughs/Walkthrough2/Walkthrough2-03-Select-Material.asset using Guid(c4b2d55732e7d4c11b1ec9c752f290bd) Importer(815301076,1909f56bfc062723c751e8b465ee728b) (PreviewImporter) -> (artifact id: '5e414a0ed989f544ebbd00bf654cfc9a') in 0.0027807 seconds
Number of updated asset objects reloaded before import = 0Number of asset objects unloaded after import = 6

========================================================================
Received Import Request.
  Time since last request: 0.000022 seconds.
  path: Assets/KartTemplate/Walkthroughs/Walkthrough2/WT2-Albedo.png
  artifactKey: Guid(c7fcff347f1374508a72f3f15ca8affa) Importer(815301076,1909f56bfc062723c751e8b465ee728b)
Start importing Assets/KartTemplate/Walkthroughs/Walkthrough2/WT2-Albedo.png using Guid(c7fcff347f1374508a72f3f15ca8affa) Importer(815301076,1909f56bfc062723c751e8b465ee728b) (PreviewImporter) -> (artifact id: '2a1297b9b7617b1c80dea32501cbd7a4') in 0.0122277 seconds
Number of updated asset objects reloaded before import = 0Number of asset objects unloaded after import = 2

========================================================================
Received Import Request.
  Time since last request: 0.000014 seconds.
  path: Assets/KartTemplate/Walkthroughs/Walkthrough2/Walkthrough2-07-Exit-Play.asset
  artifactKey: Guid(25b32eae891f6b34dae30855cf0cfe77) Importer(815301076,1909f56bfc062723c751e8b465ee728b)
Start importing Assets/KartTemplate/Walkthroughs/Walkthrough2/Walkthrough2-07-Exit-Play.asset using Guid(25b32eae891f6b34dae30855cf0cfe77) Importer(815301076,1909f56bfc062723c751e8b465ee728b) (PreviewImporter) -> (artifact id: 'a823a0167d01592beeac8e3d05028e37') in 0.0030307 seconds
Number of updated asset objects reloaded before import = 0Number of asset objects unloaded after import = 5

========================================================================
Received Import Request.
  Time since last request: 0.370829 seconds.
  path: Assets/KartTemplate/Walkthroughs/Walkthrough1/Walkthrough1-01-Introduction.asset
  artifactKey: Guid(fc1ba142c7deb40408e4c114e5a0ff63) Importer(815301076,1909f56bfc062723c751e8b465ee728b)
Start importing Assets/KartTemplate/Walkthroughs/Walkthrough1/Walkthrough1-01-Introduction.asset using Guid(fc1ba142c7deb40408e4c114e5a0ff63) Importer(815301076,1909f56bfc062723c751e8b465ee728b) (PreviewImporter) -> (artifact id: '58d19b407ab3f9c1b40795d89e05bbdd') in 0.0023624 seconds
Number of updated asset objects reloaded before import = 0Number of asset objects unloaded after import = 3

========================================================================
Received Import Request.
  Time since last request: 0.000012 seconds.
  path: Assets/KartTemplate/Walkthroughs/Walkthrough1/Walkthrough1-05-Select-Object.asset
  artifactKey: Guid(026d54c9344341844a19edbe01afebbe) Importer(815301076,1909f56bfc062723c751e8b465ee728b)
Start importing Assets/KartTemplate/Walkthroughs/Walkthrough1/Walkthrough1-05-Select-Object.asset using Guid(026d54c9344341844a19edbe01afebbe) Importer(815301076,1909f56bfc062723c751e8b465ee728b) (PreviewImporter) -> (artifact id: '2f4f0fe34dbff60e7a7e01e49a67cbed') in 0.0026697 seconds
Number of updated asset objects reloaded before import = 0Number of asset objects unloaded after import = 5

========================================================================
Received Import Request.
  Time since last request: 0.000012 seconds.
  path: Assets/KartTemplate/Walkthroughs/Walkthrough1/WT1-Play.png
  artifactKey: Guid(53c032a736ea44f72b204332d1dc0f01) Importer(815301076,1909f56bfc062723c751e8b465ee728b)
Start importing Assets/KartTemplate/Walkthroughs/Walkthrough1/WT1-Play.png using Guid(53c032a736ea44f72b204332d1dc0f01) Importer(815301076,1909f56bfc062723c751e8b465ee728b) (PreviewImporter) -> (artifact id: '3a87abd2a533183dbbbcd3949b47124f') in 0.0049083 seconds
Number of updated asset objects reloaded before import = 0Number of asset objects unloaded after import = 2

========================================================================
Received Import Request.
  Time since last request: 0.000060 seconds.
  path: Assets/KartTemplate/Walkthroughs/Walkthrough1/WT1-Intro.png
  artifactKey: Guid(eb9b067501d0544f48a9b1cb244ccef0) Importer(815301076,1909f56bfc062723c751e8b465ee728b)
Start importing Assets/KartTemplate/Walkthroughs/Walkthrough1/WT1-Intro.png using Guid(eb9b067501d0544f48a9b1cb244ccef0) Importer(815301076,1909f56bfc062723c751e8b465ee728b) (PreviewImporter) -> (artifact id: '6ac1149c2042b694132edf6b3e216d8d') in 0.0150852 seconds
Number of updated asset objects reloaded before import = 0Number of asset objects unloaded after import = 2

========================================================================
Received Import Request.
  Time since last request: 0.000017 seconds.
  path: Assets/KartTemplate/Walkthroughs/Walkthrough1/Walkthrough1-10-Done.asset
  artifactKey: Guid(0f9959ef5c21e45e4ac3e429fab617df) Importer(815301076,1909f56bfc062723c751e8b465ee728b)
Start importing Assets/KartTemplate/Walkthroughs/Walkthrough1/Walkthrough1-10-Done.asset using Guid(0f9959ef5c21e45e4ac3e429fab617df) Importer(815301076,1909f56bfc062723c751e8b465ee728b) (PreviewImporter) -> (artifact id: '2883d668213a71c0727750f14200cd39') in 0.017538 seconds
Number of updated asset objects reloaded before import = 0Number of asset objects unloaded after import = 297

========================================================================
Received Import Request.
  Time since last request: 0.000020 seconds.
  path: Assets/KartTemplate/Walkthroughs/Walkthrough1/Walkthrough1-06-Inspector-Intro.asset
  artifactKey: Guid(be5d8efcae5a6e942bed0ce1ce2e9eba) Importer(815301076,1909f56bfc062723c751e8b465ee728b)
Start importing Assets/KartTemplate/Walkthroughs/Walkthrough1/Walkthrough1-06-Inspector-Intro.asset using Guid(be5d8efcae5a6e942bed0ce1ce2e9eba) Importer(815301076,1909f56bfc062723c751e8b465ee728b) (PreviewImporter) -> (artifact id: '69b888efd35d2efe5218b7693cc190bd') in 0.0026332 seconds
Number of updated asset objects reloaded before import = 0Number of asset objects unloaded after import = 3

========================================================================
Received Import Request.
  Time since last request: 2.780528 seconds.
  path: Assets/KartTemplate/Textures/TemplateEnvironmentSwatch.png
  artifactKey: Guid(18f94973eacde5f49920b7936b31d501) Importer(815301076,1909f56bfc062723c751e8b465ee728b)
Start importing Assets/KartTemplate/Textures/TemplateEnvironmentSwatch.png using Guid(18f94973eacde5f49920b7936b31d501) Importer(815301076,1909f56bfc062723c751e8b465ee728b) (PreviewImporter) -> (artifact id: '15432f73a0334fad3ab8e0e970d155be') in 0.0135387 seconds
Number of updated asset objects reloaded before import = 0Number of asset objects unloaded after import = 2

========================================================================
Received Import Request.
  Time since last request: 3.290843 seconds.
  path: Assets/KartTemplate/Scripts/KartSystems/KartModifiers/ModifierAssets/DefaultKartKartModifier.asset
  artifactKey: Guid(1389bd2457379f74483c87fbf12258ea) Importer(815301076,1909f56bfc062723c751e8b465ee728b)
Start importing Assets/KartTemplate/Scripts/KartSystems/KartModifiers/ModifierAssets/DefaultKartKartModifier.asset using Guid(1389bd2457379f74483c87fbf12258ea) Importer(815301076,1909f56bfc062723c751e8b465ee728b) (PreviewImporter) -> (artifact id: 'f5e92029c0d9ef3bdd2981aa2dfb060b') in 0.0010644 seconds
Number of updated asset objects reloaded before import = 0Number of asset objects unloaded after import = 1

========================================================================
Received Import Request.
  Time since last request: 6.029633 seconds.
  path: Assets/KartTemplate/Prefabs/Environment/BuidingShortVariant.prefab
  artifactKey: Guid(9d3aa163d61f94b4aa85333f834cbba1) Importer(815301076,1909f56bfc062723c751e8b465ee728b)
Start importing Assets/KartTemplate/Prefabs/Environment/BuidingShortVariant.prefab using Guid(9d3aa163d61f94b4aa85333f834cbba1) Importer(815301076,1909f56bfc062723c751e8b465ee728b) (PreviewImporter) -> (artifact id: '899210ff78ef51a3be3fafb08b10e289') in 0.0202751 seconds
Number of updated asset objects reloaded before import = 0Number of asset objects unloaded after import = 634

========================================================================
Received Import Request.
  Time since last request: 0.000017 seconds.
  path: Assets/KartTemplate/Prefabs/Environment/Building01WallPlain.prefab
  artifactKey: Guid(f07bce605608dc6459230649729bfc26) Importer(815301076,1909f56bfc062723c751e8b465ee728b)
Start importing Assets/KartTemplate/Prefabs/Environment/Building01WallPlain.prefab using Guid(f07bce605608dc6459230649729bfc26) Importer(815301076,1909f56bfc062723c751e8b465ee728b) (PreviewImporter) -> (artifact id: 'b8fb218761de1a0ea9996d4faee8c191') in 0.0153984 seconds
Number of updated asset objects reloaded before import = 0Number of asset objects unloaded after import = 9

========================================================================
Received Import Request.
  Time since last request: 0.000015 seconds.
  path: Assets/KartTemplate/Prefabs/Environment/Building02WallBricks.prefab
  artifactKey: Guid(3beaf9cd12e8c0a4d921aa0bb65380c5) Importer(815301076,1909f56bfc062723c751e8b465ee728b)
Start importing Assets/KartTemplate/Prefabs/Environment/Building02WallBricks.prefab using Guid(3beaf9cd12e8c0a4d921aa0bb65380c5) Importer(815301076,1909f56bfc062723c751e8b465ee728b) (PreviewImporter) -> (artifact id: '7a4d8437a84c538ff5ac2feff871306a') in 0.0188723 seconds
Number of updated asset objects reloaded before import = 0Number of asset objects unloaded after import = 9

========================================================================
Received Import Request.
  Time since last request: 0.000015 seconds.
  path: Assets/KartTemplate/Prefabs/Environment/RoofCentral.prefab
  artifactKey: Guid(2f03e2f1c391cdc4bad90a6ee620aaf2) Importer(815301076,1909f56bfc062723c751e8b465ee728b)
Start importing Assets/KartTemplate/Prefabs/Environment/RoofCentral.prefab using Guid(2f03e2f1c391cdc4bad90a6ee620aaf2) Importer(815301076,1909f56bfc062723c751e8b465ee728b) (PreviewImporter) -> (artifact id: 'eece7e18742871e93e806cc9f49736b8') in 0.0152826 seconds
Number of updated asset objects reloaded before import = 0Number of asset objects unloaded after import = 9

========================================================================
Received Import Request.
  Time since last request: 0.000017 seconds.
  path: Assets/KartTemplate/Prefabs/Environment/Stone2.prefab
  artifactKey: Guid(230dd9257fca2c249b555f6edd3c8e14) Importer(815301076,1909f56bfc062723c751e8b465ee728b)
Start importing Assets/KartTemplate/Prefabs/Environment/Stone2.prefab using Guid(230dd9257fca2c249b555f6edd3c8e14) Importer(815301076,1909f56bfc062723c751e8b465ee728b) (PreviewImporter) -> (artifact id: 'd3cfdaa5f99e080a201e1f169e0cce36') in 0.0019011 seconds
Number of updated asset objects reloaded before import = 0Number of asset objects unloaded after import = 6

========================================================================
Received Import Request.
  Time since last request: 0.000032 seconds.
  path: Assets/KartTemplate/Prefabs/Environment/Building03WallWideWindow.prefab
  artifactKey: Guid(b242def909bdd1f4d8b54505acb6c911) Importer(815301076,1909f56bfc062723c751e8b465ee728b)
Start importing Assets/KartTemplate/Prefabs/Environment/Building03WallWideWindow.prefab using Guid(b242def909bdd1f4d8b54505acb6c911) Importer(815301076,1909f56bfc062723c751e8b465ee728b) (PreviewImporter) -> (artifact id: '2d3afb6e2c1733b493e406602d42114a') in 0.0162521 seconds
Number of updated asset objects reloaded before import = 0Number of asset objects unloaded after import = 9

========================================================================
Received Import Request.
  Time since last request: 1.288813 seconds.
  path: Assets/KartTemplate/Prefabs/DriftTrail.prefab
  artifactKey: Guid(ad6a782a2105fb645824d5726daac042) Importer(815301076,1909f56bfc062723c751e8b465ee728b)
Start importing Assets/KartTemplate/Prefabs/DriftTrail.prefab using Guid(ad6a782a2105fb645824d5726daac042) Importer(815301076,1909f56bfc062723c751e8b465ee728b) (PreviewImporter) -> (artifact id: '776c85813a643f872cca1545ad37957a') in 0.019649 seconds
Number of updated asset objects reloaded before import = 0Number of asset objects unloaded after import = 8

========================================================================
Received Import Request.
  Time since last request: 0.000015 seconds.
  path: Assets/KartTemplate/Prefabs/TrackCamberCurve.prefab
  artifactKey: Guid(e5173aaa61cc2574392f31de57e2dad6) Importer(815301076,1909f56bfc062723c751e8b465ee728b)
Start importing Assets/KartTemplate/Prefabs/TrackCamberCurve.prefab using Guid(e5173aaa61cc2574392f31de57e2dad6) Importer(815301076,1909f56bfc062723c751e8b465ee728b) (PreviewImporter) -> (artifact id: '8c89405a658b3a26ef8b8e33b8f37ec0') in 0.0174975 seconds
Number of updated asset objects reloaded before import = 0Number of asset objects unloaded after import = 21

========================================================================
Received Import Request.
  Time since last request: 0.000016 seconds.
  path: Assets/KartTemplate/Prefabs/TrackManager.prefab
  artifactKey: Guid(1a27545505a30d6479abf78847244a72) Importer(815301076,1909f56bfc062723c751e8b465ee728b)
Start importing Assets/KartTemplate/Prefabs/TrackManager.prefab using Guid(1a27545505a30d6479abf78847244a72) Importer(815301076,1909f56bfc062723c751e8b465ee728b) (PreviewImporter) -> (artifact id: '389fa33f1f5d8cf9df4b9be0becbf716') in 0.0022127 seconds
Number of updated asset objects reloaded before import = 0Number of asset objects unloaded after import = 7

========================================================================
Received Import Request.
  Time since last request: 0.000028 seconds.
  path: Assets/KartTemplate/Prefabs/TrackCurveMedium.prefab
  artifactKey: Guid(19855eab27bbfcb40bdc747ff5a0806d) Importer(815301076,1909f56bfc062723c751e8b465ee728b)
Start importing Assets/KartTemplate/Prefabs/TrackCurveMedium.prefab using Guid(19855eab27bbfcb40bdc747ff5a0806d) Importer(815301076,1909f56bfc062723c751e8b465ee728b) (PreviewImporter) -> (artifact id: 'b70326cdc3064c0964a5a29b892c0f58') in 0.0172998 seconds
Number of updated asset objects reloaded before import = 0Number of asset objects unloaded after import = 21

========================================================================
Received Import Request.
  Time since last request: 0.000018 seconds.
  path: Assets/KartTemplate/Prefabs/TrackStraightShort.prefab
  artifactKey: Guid(ad9b18b5e2bf23940b0adbbbbd09655f) Importer(815301076,1909f56bfc062723c751e8b465ee728b)
Start importing Assets/KartTemplate/Prefabs/TrackStraightShort.prefab using Guid(ad9b18b5e2bf23940b0adbbbbd09655f) Importer(815301076,1909f56bfc062723c751e8b465ee728b) (PreviewImporter) -> (artifact id: 'c460ff22f3b13c08c6ade63d13922f79') in 0.0160917 seconds
Number of updated asset objects reloaded before import = 0Number of asset objects unloaded after import = 23

========================================================================
Received Import Request.
  Time since last request: 1.196148 seconds.
  path: Assets/KartTemplate/Models/Building01WallPlain.fbx
  artifactKey: Guid(ca9914f098c088e4a879c7fd31109c95) Importer(815301076,1909f56bfc062723c751e8b465ee728b)
Start importing Assets/KartTemplate/Models/Building01WallPlain.fbx using Guid(ca9914f098c088e4a879c7fd31109c95) Importer(815301076,1909f56bfc062723c751e8b465ee728b) (PreviewImporter) -> (artifact id: '9014f1395cc4096791de6ec9b549c870') in 0.0326321 seconds
Number of updated asset objects reloaded before import = 0Number of asset objects unloaded after import = 9

========================================================================
Received Import Request.
  Time since last request: 0.000041 seconds.
  path: Assets/KartTemplate/Models/TrackCurveMedium.fbx
  artifactKey: Guid(cf8b46f3b71641b42b2e8cf974e9c644) Importer(815301076,1909f56bfc062723c751e8b465ee728b)
Start importing Assets/KartTemplate/Models/TrackCurveMedium.fbx using Guid(cf8b46f3b71641b42b2e8cf974e9c644) Importer(815301076,1909f56bfc062723c751e8b465ee728b) (PreviewImporter) -> (artifact id: 'bde66fff1e87853624b07de74519b553') in 0.1173056 seconds
Number of updated asset objects reloaded before import = 0Number of asset objects unloaded after import = 16

========================================================================
Received Import Request.
  Time since last request: 0.000016 seconds.
  path: Assets/KartTemplate/Models/BuildingRoofCorner.fbx
  artifactKey: Guid(f46a9f80d31a32e47a57aa4858036430) Importer(815301076,1909f56bfc062723c751e8b465ee728b)
Start importing Assets/KartTemplate/Models/BuildingRoofCorner.fbx using Guid(f46a9f80d31a32e47a57aa4858036430) Importer(815301076,1909f56bfc062723c751e8b465ee728b) (PreviewImporter) -> (artifact id: '82283508a1342f875dcab08ca47054d3') in 0.0345302 seconds
Number of updated asset objects reloaded before import = 0Number of asset objects unloaded after import = 9

========================================================================
Received Import Request.
  Time since last request: 0.000020 seconds.
  path: Assets/KartTemplate/Models/Building03WallWideWindow.fbx
  artifactKey: Guid(8021d7313a3bc1240bb3e96d591721bf) Importer(815301076,1909f56bfc062723c751e8b465ee728b)
Start importing Assets/KartTemplate/Models/Building03WallWideWindow.fbx using Guid(8021d7313a3bc1240bb3e96d591721bf) Importer(815301076,1909f56bfc062723c751e8b465ee728b) (PreviewImporter) -> (artifact id: '55c4dee7b4c10af6b39c3ecd22d5a832') in 0.0194806 seconds
Number of updated asset objects reloaded before import = 0Number of asset objects unloaded after import = 9

========================================================================
Received Import Request.
  Time since last request: 0.000013 seconds.
  path: Assets/KartTemplate/Models/Building03CornerWideWindow.fbx
  artifactKey: Guid(2dc0b90df1333dc469eeb6cff505ccb5) Importer(815301076,1909f56bfc062723c751e8b465ee728b)
Start importing Assets/KartTemplate/Models/Building03CornerWideWindow.fbx using Guid(2dc0b90df1333dc469eeb6cff505ccb5) Importer(815301076,1909f56bfc062723c751e8b465ee728b) (PreviewImporter) -> (artifact id: '4901aed40241afb5d140ca27f7e1de3d') in 0.021945 seconds
Number of updated asset objects reloaded before import = 0Number of asset objects unloaded after import = 9

========================================================================
Received Import Request.
  Time since last request: 0.000017 seconds.
  path: Assets/KartTemplate/Models/BuildingRoofWalls.fbx
  artifactKey: Guid(96819d445b8f3e54bafac2405ab1e2e3) Importer(815301076,1909f56bfc062723c751e8b465ee728b)
Start importing Assets/KartTemplate/Models/BuildingRoofWalls.fbx using Guid(96819d445b8f3e54bafac2405ab1e2e3) Importer(815301076,1909f56bfc062723c751e8b465ee728b) (PreviewImporter) -> (artifact id: 'a939509ee8982b9928ecff46e0b9c64c') in 0.0230068 seconds
Number of updated asset objects reloaded before import = 0Number of asset objects unloaded after import = 9

========================================================================
Received Import Request.
  Time since last request: 0.000016 seconds.
  path: Assets/KartTemplate/Models/GroundPlane.fbx
  artifactKey: Guid(21fe29e73ae4cc842b0d5e9ca6e345f9) Importer(815301076,1909f56bfc062723c751e8b465ee728b)
Start importing Assets/KartTemplate/Models/GroundPlane.fbx using Guid(21fe29e73ae4cc842b0d5e9ca6e345f9) Importer(815301076,1909f56bfc062723c751e8b465ee728b) (PreviewImporter) -> (artifact id: '772e51c44ee6bd8cbd5bf8133ea95009') in 0.0261551 seconds
Number of updated asset objects reloaded before import = 0Number of asset objects unloaded after import = 9

========================================================================
Received Import Request.
  Time since last request: 0.000016 seconds.
  path: Assets/KartTemplate/Models/TrackCurveMediumMeshColliderGround.fbx
  artifactKey: Guid(4dab2a37e1d72794cbd731aacb7847dd) Importer(815301076,1909f56bfc062723c751e8b465ee728b)
Start importing Assets/KartTemplate/Models/TrackCurveMediumMeshColliderGround.fbx using Guid(4dab2a37e1d72794cbd731aacb7847dd) Importer(815301076,1909f56bfc062723c751e8b465ee728b) (PreviewImporter) -> (artifact id: 'd3285e8a8e72c9b42f3e77e4bf8d6570') in 0.0248969 seconds
Number of updated asset objects reloaded before import = 0Number of asset objects unloaded after import = 11

========================================================================
Received Import Request.
  Time since last request: 0.000015 seconds.
  path: Assets/KartTemplate/Models/TrackCamberMeshColliderGround.fbx
  artifactKey: Guid(74fd08689db02b94a8cac89c8bb7f35c) Importer(815301076,1909f56bfc062723c751e8b465ee728b)
Start importing Assets/KartTemplate/Models/TrackCamberMeshColliderGround.fbx using Guid(74fd08689db02b94a8cac89c8bb7f35c) Importer(815301076,1909f56bfc062723c751e8b465ee728b) (PreviewImporter) -> (artifact id: '7a68574a394c37eb8ac840f842cf6dec') in 0.0279249 seconds
Number of updated asset objects reloaded before import = 0Number of asset objects unloaded after import = 11

========================================================================
Received Import Request.
  Time since last request: 0.000016 seconds.
  path: Assets/KartTemplate/Models/TrackStraightShortMeshColliderWalls.fbx
  artifactKey: Guid(71fb4b36fc973904c8f15d164c0e48ae) Importer(815301076,1909f56bfc062723c751e8b465ee728b)
Start importing Assets/KartTemplate/Models/TrackStraightShortMeshColliderWalls.fbx using Guid(71fb4b36fc973904c8f15d164c0e48ae) Importer(815301076,1909f56bfc062723c751e8b465ee728b) (PreviewImporter) -> (artifact id: '782a54e870ea91f00d1d0b8c14eec8d2') in 0.0282002 seconds
Number of updated asset objects reloaded before import = 0Number of asset objects unloaded after import = 11

========================================================================
Received Import Request.
  Time since last request: 0.000016 seconds.
  path: Assets/KartTemplate/Models/TrackCamberCurveMeshColliderGround.fbx
  artifactKey: Guid(120e82693d1e13644a7f5b990e783b01) Importer(815301076,1909f56bfc062723c751e8b465ee728b)
Start importing Assets/KartTemplate/Models/TrackCamberCurveMeshColliderGround.fbx using Guid(120e82693d1e13644a7f5b990e783b01) Importer(815301076,1909f56bfc062723c751e8b465ee728b) (PreviewImporter) -> (artifact id: '9ccda17c64b6ccc94d406dce84a5df9c') in 0.0200531 seconds
Number of updated asset objects reloaded before import = 0Number of asset objects unloaded after import = 11

========================================================================
Received Import Request.
  Time since last request: 0.000020 seconds.
  path: Assets/KartTemplate/Models/TrackCurveSmallMeshColliderWalls.fbx
  artifactKey: Guid(c9da9a4eb5561534cb8d191a9e1d31da) Importer(815301076,1909f56bfc062723c751e8b465ee728b)
Start importing Assets/KartTemplate/Models/TrackCurveSmallMeshColliderWalls.fbx using Guid(c9da9a4eb5561534cb8d191a9e1d31da) Importer(815301076,1909f56bfc062723c751e8b465ee728b) (PreviewImporter) -> (artifact id: '89e7125c6ca11d4d9a9c67d475ee5a56') in 0.0180797 seconds
Number of updated asset objects reloaded before import = 0Number of asset objects unloaded after import = 11

========================================================================
Received Import Request.
  Time since last request: 2.302775 seconds.
  path: Assets/KartTemplate/Audio/BrakesPart02.wav
  artifactKey: Guid(932885ca9ec6f8347b474ddf4f0a2d28) Importer(815301076,1909f56bfc062723c751e8b465ee728b)
Start importing Assets/KartTemplate/Audio/BrakesPart02.wav using Guid(932885ca9ec6f8347b474ddf4f0a2d28) Importer(815301076,1909f56bfc062723c751e8b465ee728b) (PreviewImporter) -> (artifact id: '87dc93a2de3d5a067f05dc26bd51447c') in 0.030751 seconds
Number of updated asset objects reloaded before import = 0Number of asset objects unloaded after import = 2

========================================================================
Received Import Request.
  Time since last request: 0.000022 seconds.
  path: Assets/KartTemplate/Audio/EngineA3.wav
  artifactKey: Guid(c3af91df4ca764fd9b9f2e778e7e555a) Importer(815301076,1909f56bfc062723c751e8b465ee728b)
Start importing Assets/KartTemplate/Audio/EngineA3.wav using Guid(c3af91df4ca764fd9b9f2e778e7e555a) Importer(815301076,1909f56bfc062723c751e8b465ee728b) (PreviewImporter) -> (artifact id: '8b781a25795d556d0302e534d5b3c9b2') in 0.012699 seconds
Number of updated asset objects reloaded before import = 0Number of asset objects unloaded after import = 2

========================================================================
Received Import Request.
  Time since last request: 0.000013 seconds.
  path: Assets/KartTemplate/Audio/StartSound02.wav
  artifactKey: Guid(30a284806deffbb4691f78109d0b617b) Importer(815301076,1909f56bfc062723c751e8b465ee728b)
Start importing Assets/KartTemplate/Audio/StartSound02.wav using Guid(30a284806deffbb4691f78109d0b617b) Importer(815301076,1909f56bfc062723c751e8b465ee728b) (PreviewImporter) -> (artifact id: 'fe4cce825b84322acd36308c1f5c6ffe') in 0.0269775 seconds
Number of updated asset objects reloaded before import = 0Number of asset objects unloaded after import = 2

========================================================================
Received Import Request.
  Time since last request: 0.000015 seconds.
  path: Assets/KartTemplate/Audio/Music.wav
  artifactKey: Guid(cf018e0ad37ec334d8325f63d10ac7ec) Importer(815301076,1909f56bfc062723c751e8b465ee728b)
Start importing Assets/KartTemplate/Audio/Music.wav using Guid(cf018e0ad37ec334d8325f63d10ac7ec) Importer(815301076,1909f56bfc062723c751e8b465ee728b) (PreviewImporter) -> (artifact id: '2d8056a10c4df6e855a76751c030cd68') in 0.1937562 seconds
Number of updated asset objects reloaded before import = 0Number of asset objects unloaded after import = 2

========================================================================
Received Import Request.
  Time since last request: 1.050888 seconds.
  path: Assets/KartTemplate/Animations/PlayerJump.FBX
  artifactKey: Guid(9f825f613a00f714dae086f20a4a4171) Importer(815301076,1909f56bfc062723c751e8b465ee728b)
Start importing Assets/KartTemplate/Animations/PlayerJump.FBX using Guid(9f825f613a00f714dae086f20a4a4171) Importer(815301076,1909f56bfc062723c751e8b465ee728b) (PreviewImporter) -> (artifact id: '79cbf2965b29db034183ae7fe58a6d6f') in 0.0299778 seconds
Number of updated asset objects reloaded before import = 0Number of asset objects unloaded after import = 136

========================================================================
Received Import Request.
  Time since last request: 4.328920 seconds.
  path: Assets/ChallengeAssets/Kart/Trail Prefabs/RainbowTrail.prefab
  artifactKey: Guid(d3ccf67055b3341468030d0fffd8d16f) Importer(815301076,1909f56bfc062723c751e8b465ee728b)
Start importing Assets/ChallengeAssets/Kart/Trail Prefabs/RainbowTrail.prefab using Guid(d3ccf67055b3341468030d0fffd8d16f) Importer(815301076,1909f56bfc062723c751e8b465ee728b) (PreviewImporter) -> (artifact id: '7b51a5ed19afb1690cbf182115e806b4') in 0.0306538 seconds
Number of updated asset objects reloaded before import = 0Number of asset objects unloaded after import = 9

========================================================================
Received Import Request.
  Time since last request: 0.458690 seconds.
  path: Assets/ChallengeAssets/Kart/Stylized Profiles/Noir Profile.asset
  artifactKey: Guid(f2a7733f1191f4a35b2bbb50208ae674) Importer(815301076,1909f56bfc062723c751e8b465ee728b)
Start importing Assets/ChallengeAssets/Kart/Stylized Profiles/Noir Profile.asset using Guid(f2a7733f1191f4a35b2bbb50208ae674) Importer(815301076,1909f56bfc062723c751e8b465ee728b) (PreviewImporter) -> (artifact id: '177fe99a1a2769378760f616b6c08098') in 0.007886 seconds
Number of updated asset objects reloaded before import = 0Number of asset objects unloaded after import = 5

========================================================================
Received Import Request.
  Time since last request: 0.604794 seconds.
  path: Assets/ChallengeAssets/Kart/Hat Prefabs/WizardHat.prefab
  artifactKey: Guid(942c2c1bb4e544cb09d3494e89bb8041) Importer(815301076,1909f56bfc062723c751e8b465ee728b)
Start importing Assets/ChallengeAssets/Kart/Hat Prefabs/WizardHat.prefab using Guid(942c2c1bb4e544cb09d3494e89bb8041) Importer(815301076,1909f56bfc062723c751e8b465ee728b) (PreviewImporter) -> (artifact id: 'fd076e946f38d971fd45344b6afd0d9f') in 0.014045 seconds
Number of updated asset objects reloaded before import = 0Number of asset objects unloaded after import = 17

========================================================================
Received Import Request.
  Time since last request: 0.649717 seconds.
  path: Assets/ChallengeAssets/Kart/Custom Materials/Basic Green.mat
  artifactKey: Guid(85a5f987437cc4794b97b153a23d7ccb) Importer(815301076,1909f56bfc062723c751e8b465ee728b)
Start importing Assets/ChallengeAssets/Kart/Custom Materials/Basic Green.mat using Guid(85a5f987437cc4794b97b153a23d7ccb) Importer(815301076,1909f56bfc062723c751e8b465ee728b) (PreviewImporter) -> (artifact id: '4d45bce563754434571832079a257f0d') in 0.0143494 seconds
Number of updated asset objects reloaded before import = 0Number of asset objects unloaded after import = 1

========================================================================
Received Import Request.
  Time since last request: 0.000014 seconds.
  path: Assets/ChallengeAssets/Kart/Custom Materials/Neon Green.mat
  artifactKey: Guid(0030b1f081f074ea79e4c8398f97fc08) Importer(815301076,1909f56bfc062723c751e8b465ee728b)
Start importing Assets/ChallengeAssets/Kart/Custom Materials/Neon Green.mat using Guid(0030b1f081f074ea79e4c8398f97fc08) Importer(815301076,1909f56bfc062723c751e8b465ee728b) (PreviewImporter) -> (artifact id: '7645d1df34c67b841889126bdb5f1ff6') in 0.0146642 seconds
Number of updated asset objects reloaded before import = 0Number of asset objects unloaded after import = 1

========================================================================
Received Import Request.
  Time since last request: 0.000014 seconds.
  path: Assets/ChallengeAssets/Kart/Custom Materials/Neon Glow.mat
  artifactKey: Guid(c70bc0190174a41759ea517f8d94ace1) Importer(815301076,1909f56bfc062723c751e8b465ee728b)
Start importing Assets/ChallengeAssets/Kart/Custom Materials/Neon Glow.mat using Guid(c70bc0190174a41759ea517f8d94ace1) Importer(815301076,1909f56bfc062723c751e8b465ee728b) (PreviewImporter) -> (artifact id: 'f104fbdfd76fbe438c05adb8d2a25650') in 0.0148376 seconds
Number of updated asset objects reloaded before import = 0Number of asset objects unloaded after import = 1

========================================================================
Received Import Request.
  Time since last request: 3.257975 seconds.
  path: Assets/ChallengeAssets/Kart/Bounce Effect Prefabs/BouncySparkly.prefab
  artifactKey: Guid(281b409a5891b40eca60ca1e0fef11e5) Importer(815301076,1909f56bfc062723c751e8b465ee728b)
Start importing Assets/ChallengeAssets/Kart/Bounce Effect Prefabs/BouncySparkly.prefab using Guid(281b409a5891b40eca60ca1e0fef11e5) Importer(815301076,1909f56bfc062723c751e8b465ee728b) (PreviewImporter) -> (artifact id: 'c47addb05267fbfce55ec926c5d62c87') in 0.0178647 seconds
Number of updated asset objects reloaded before import = 0Number of asset objects unloaded after import = 8

========================================================================
Received Import Request.
  Time since last request: 1.892384 seconds.
  path: Assets/ChallengeAssets/ChallengeResources/TrailMaterials/LongTrailMaterial.mat
  artifactKey: Guid(dbd73125b5e3c429ea6c920ebcc9dd92) Importer(815301076,1909f56bfc062723c751e8b465ee728b)
Start importing Assets/ChallengeAssets/ChallengeResources/TrailMaterials/LongTrailMaterial.mat using Guid(dbd73125b5e3c429ea6c920ebcc9dd92) Importer(815301076,1909f56bfc062723c751e8b465ee728b) (PreviewImporter) -> (artifact id: '3d3872ab37bcc77f09b9df27f684bef5') in 0.0147631 seconds
Number of updated asset objects reloaded before import = 0Number of asset objects unloaded after import = 1

========================================================================
Received Import Request.
  Time since last request: 0.456472 seconds.
  path: Assets/ChallengeAssets/ChallengeResources/Textures/billboard_2D_tall.png
  artifactKey: Guid(50b2c32ff3de94988a61633cb19060de) Importer(815301076,1909f56bfc062723c751e8b465ee728b)
Start importing Assets/ChallengeAssets/ChallengeResources/Textures/billboard_2D_tall.png using Guid(50b2c32ff3de94988a61633cb19060de) Importer(815301076,1909f56bfc062723c751e8b465ee728b) (PreviewImporter) -> (artifact id: '496a73911b76e3aa72abe0867e1d7b43') in 0.0274889 seconds
Number of updated asset objects reloaded before import = 0Number of asset objects unloaded after import = 3

========================================================================
Received Import Request.
  Time since last request: 4.083246 seconds.
  path: Assets/ChallengeAssets/ChallengeResources/HatMeshes/WizardHatMesh.fbx
  artifactKey: Guid(41fa7087e84034b719aeb52d1260a81b) Importer(815301076,1909f56bfc062723c751e8b465ee728b)
Start importing Assets/ChallengeAssets/ChallengeResources/HatMeshes/WizardHatMesh.fbx using Guid(41fa7087e84034b719aeb52d1260a81b) Importer(815301076,1909f56bfc062723c751e8b465ee728b) (PreviewImporter) -> (artifact id: 'ca0efa8696ba2bfef268e4847107e990') in 0.0515562 seconds
Number of updated asset objects reloaded before import = 0Number of asset objects unloaded after import = 8

========================================================================
Received Import Request.
  Time since last request: 2.891974 seconds.
  path: Assets/ChallengeAssets/ChallengeResources/HatMaterials/TopHatMaterial.mat
  artifactKey: Guid(3869da5c1b38e487aaa31c9021e4134f) Importer(815301076,1909f56bfc062723c751e8b465ee728b)
Start importing Assets/ChallengeAssets/ChallengeResources/HatMaterials/TopHatMaterial.mat using Guid(3869da5c1b38e487aaa31c9021e4134f) Importer(815301076,1909f56bfc062723c751e8b465ee728b) (PreviewImporter) -> (artifact id: '40397390a9cfbb7591f211cbbc49b2ef') in 0.0146738 seconds
Number of updated asset objects reloaded before import = 0Number of asset objects unloaded after import = 1

========================================================================
Received Import Request.
  Time since last request: 0.551173 seconds.
  path: Assets/ChallengeAssets/ChallengeResources/Fonts/CormorantUnicase-Regular SDF.asset
  artifactKey: Guid(ba62bccd3bc0142bc9a0bc1addeaadce) Importer(815301076,1909f56bfc062723c751e8b465ee728b)
Start importing Assets/ChallengeAssets/ChallengeResources/Fonts/CormorantUnicase-Regular SDF.asset using Guid(ba62bccd3bc0142bc9a0bc1addeaadce) Importer(815301076,1909f56bfc062723c751e8b465ee728b) (PreviewImporter)Upgrading font asset [CormorantUnicase-Regular SDF] to version 1.1.0.
UnityEngine.Debug:ExtractStackTraceNoAlloc (byte*,int,string)
UnityEngine.StackTraceUtility:ExtractStackTrace ()
UnityEngine.DebugLogHandler:Internal_Log (UnityEngine.LogType,UnityEngine.LogOption,string,UnityEngine.Object)
UnityEngine.DebugLogHandler:LogFormat (UnityEngine.LogType,UnityEngine.Object,string,object[])
UnityEngine.Logger:Log (UnityEngine.LogType,object,UnityEngine.Object)
UnityEngine.Debug:Log (object,UnityEngine.Object)
TMPro.TMP_FontAsset:UpgradeFontAsset () (at ./Library/PackageCache/com.unity.ugui@24b10291b18f/Runtime/TMP/TMP_FontAsset.cs:3629)
TMPro.TMP_FontAsset:Awake () (at ./Library/PackageCache/com.unity.ugui@24b10291b18f/Runtime/TMP/TMP_FontAsset.cs:732)

(Filename: ./Library/PackageCache/com.unity.ugui@24b10291b18f/Runtime/TMP/TMP_FontAsset.cs Line: 3629)

 -> (artifact id: 'e9677eb0c71c3c497fcb468dd885703c') in 0.1026568 seconds
Number of updated asset objects reloaded before import = 0Number of asset objects unloaded after import = 4

========================================================================
Received Import Request.
  Time since last request: 0.000016 seconds.
  path: Assets/ChallengeAssets/ChallengeResources/Fonts/PressStart2P-Regular SDF.asset
  artifactKey: Guid(88003508be39e449cb51c48494e680cf) Importer(815301076,1909f56bfc062723c751e8b465ee728b)
Start importing Assets/ChallengeAssets/ChallengeResources/Fonts/PressStart2P-Regular SDF.asset using Guid(88003508be39e449cb51c48494e680cf) Importer(815301076,1909f56bfc062723c751e8b465ee728b) (PreviewImporter)Upgrading font asset [PressStart2P-Regular SDF] to version 1.1.0.
UnityEngine.Debug:ExtractStackTraceNoAlloc (byte*,int,string)
UnityEngine.StackTraceUtility:ExtractStackTrace ()
UnityEngine.DebugLogHandler:Internal_Log (UnityEngine.LogType,UnityEngine.LogOption,string,UnityEngine.Object)
UnityEngine.DebugLogHandler:LogFormat (UnityEngine.LogType,UnityEngine.Object,string,object[])
UnityEngine.Logger:Log (UnityEngine.LogType,object,UnityEngine.Object)
UnityEngine.Debug:Log (object,UnityEngine.Object)
TMPro.TMP_FontAsset:UpgradeFontAsset () (at ./Library/PackageCache/com.unity.ugui@24b10291b18f/Runtime/TMP/TMP_FontAsset.cs:3629)
TMPro.TMP_FontAsset:Awake () (at ./Library/PackageCache/com.unity.ugui@24b10291b18f/Runtime/TMP/TMP_FontAsset.cs:732)

(Filename: ./Library/PackageCache/com.unity.ugui@24b10291b18f/Runtime/TMP/TMP_FontAsset.cs Line: 3629)

 -> (artifact id: '24b8571aa0c943210854299dc675c1b8') in 0.100206 seconds
Number of updated asset objects reloaded before import = 0Number of asset objects unloaded after import = 4

========================================================================
Received Import Request.
  Time since last request: 3.195290 seconds.
  path: Assets/ChallengeAssets/3D Props/Billboard Prefabs/Billboard Wide.prefab
  artifactKey: Guid(87a6cea72ce7247a2814467dab442418) Importer(815301076,1909f56bfc062723c751e8b465ee728b)
Start importing Assets/ChallengeAssets/3D Props/Billboard Prefabs/Billboard Wide.prefab using Guid(87a6cea72ce7247a2814467dab442418) Importer(815301076,1909f56bfc062723c751e8b465ee728b) (PreviewImporter) -> (artifact id: '12c30332c6856026645cf335859dab5e') in 0.0378413 seconds
Number of updated asset objects reloaded before import = 0Number of asset objects unloaded after import = 28

========================================================================
Received Import Request.
  Time since last request: 6.245442 seconds.
  path: Assets/ChallengeAssets/RepoBall/Custom Materials/Basic Red.mat
  artifactKey: Guid(693e6f8d3a07243d19ac47329d420420) Importer(815301076,1909f56bfc062723c751e8b465ee728b)
Start importing Assets/ChallengeAssets/RepoBall/Custom Materials/Basic Red.mat using Guid(693e6f8d3a07243d19ac47329d420420) Importer(815301076,1909f56bfc062723c751e8b465ee728b) (PreviewImporter) -> (artifact id: '31b2070d23642466a1c059c03d656b73') in 0.0247399 seconds
Number of updated asset objects reloaded before import = 0Number of asset objects unloaded after import = 1

Editor requested this worker to shutdown with reason: Scaling down because of idle timeout
AssetImportWorkerClient::OnTransportError - code=2 error=End of file
AssetImportWorker is now disconnected from the server
Process exiting
Exiting without the bug reporter. Application will terminate with return code 0