Using pre-set license
Built from '6000.0/release' branch; Version is '6000.0.35f1 (9a3bc604008a) revision 10107846'; Using compiler version '193933523'; Build Type 'Release'
OS: 'Windows 11  (10.0.22631) 64bit Education' Language: 'pt' Physical Memory: 16053 MB
BatchMode: 1, IsHumanControllingUs: 0, StartBugReporterOnCrash: 0, Is64bit: 1, IsPro: 1

COMMAND LINE ARGUMENTS:
C:\Program Files\Unity\Hub\Editor\6000.0.35f1-x86_64\Editor\Unity.exe
-adb2
-batchMode
-noUpm
-name
AssetImportWorker5
-projectPath
C:/Users/ra00346648/Documents/GitHub/Mod-do-Kartzinho
-logFile
Logs/AssetImportWorker5.log
-srvPort
50549
-job-worker-count
9
-background-job-worker-count
8
-gc-helper-count
1
Successfully changed project path to: C:/Users/ra00346648/Documents/GitHub/Mod-do-Kartzinho
C:/Users/ra00346648/Documents/GitHub/Mod-do-Kartzinho
[UnityMemory] Configuration Parameters - Can be set up in boot.config
    "memorysetup-bucket-allocator-granularity=16"
    "memorysetup-bucket-allocator-bucket-count=8"
    "memorysetup-bucket-allocator-block-size=33554432"
    "memorysetup-bucket-allocator-block-count=8"
    "memorysetup-main-allocator-block-size=16777216"
    "memorysetup-thread-allocator-block-size=16777216"
    "memorysetup-gfx-main-allocator-block-size=16777216"
    "memorysetup-gfx-thread-allocator-block-size=16777216"
    "memorysetup-cache-allocator-block-size=4194304"
    "memorysetup-typetree-allocator-block-size=2097152"
    "memorysetup-profiler-bucket-allocator-granularity=16"
    "memorysetup-profiler-bucket-allocator-bucket-count=8"
    "memorysetup-profiler-bucket-allocator-block-size=33554432"
    "memorysetup-profiler-bucket-allocator-block-count=8"
    "memorysetup-profiler-allocator-block-size=16777216"
    "memorysetup-profiler-editor-allocator-block-size=1048576"
    "memorysetup-temp-allocator-size-main=16777216"
    "memorysetup-job-temp-allocator-block-size=2097152"
    "memorysetup-job-temp-allocator-block-size-background=1048576"
    "memorysetup-job-temp-allocator-reduction-small-platforms=262144"
    "memorysetup-allocator-temp-initial-block-size-main=262144"
    "memorysetup-allocator-temp-initial-block-size-worker=262144"
    "memorysetup-temp-allocator-size-background-worker=32768"
    "memorysetup-temp-allocator-size-job-worker=262144"
    "memorysetup-temp-allocator-size-preload-manager=33554432"
    "memorysetup-temp-allocator-size-nav-mesh-worker=65536"
    "memorysetup-temp-allocator-size-audio-worker=65536"
    "memorysetup-temp-allocator-size-cloud-worker=32768"
    "memorysetup-temp-allocator-size-gi-baking-worker=262144"
    "memorysetup-temp-allocator-size-gi-baking-worker=262144"
    "memorysetup-temp-allocator-size-gi-baking-worker=262144"
    "memorysetup-temp-allocator-size-gi-baking-worker=262144"
    "memorysetup-temp-allocator-size-gi-baking-worker=262144"
    "memorysetup-temp-allocator-size-gfx=262144"
Player connection [4648]  Target information:

Player connection [4648]  * "[IP] 172.17.12.23 [Port] 0 [Flags] 2 [Guid] 2000381162 [EditorId] 2000381162 [Version] 1048832 [Id] WindowsEditor(7,DSP-BRJ3055CJC) [Debug] 1 [PackageName] WindowsEditor [ProjectName] Editor" 

Player connection [4648]  * "[IP] 172.23.208.1 [Port] 0 [Flags] 2 [Guid] 2000381162 [EditorId] 2000381162 [Version] 1048832 [Id] WindowsEditor(7,DSP-BRJ3055CJC) [Debug] 1 [PackageName] WindowsEditor [ProjectName] Editor" 

Player connection [4648]  * "[IP] 192.168.56.1 [Port] 0 [Flags] 2 [Guid] 2000381162 [EditorId] 2000381162 [Version] 1048832 [Id] WindowsEditor(7,DSP-BRJ3055CJC) [Debug] 1 [PackageName] WindowsEditor [ProjectName] Editor" 

Player connection [4648] Host joined multi-casting on [225.0.0.222:54997]...
Player connection [4648] Host joined alternative multi-casting on [225.0.0.222:34997]...
JobSystem: Creating JobQueue using job-worker-count value 9
Input System module state changed to: Initialized.
[Physics::Module] Initialized fallback backend.
[Physics::Module] Id: 0xdecafbad
Library Redirect Path: Library/
[Physics::Module] Selected backend.
[Physics::Module] Name: PhysX
[Physics::Module] Id: 0xf2b8ea05
[Physics::Module] SDK Version: 4.1.2
[Physics::Module] Integration Version: 1.0.0
[Physics::Module] Threading Mode: Multi-Threaded
Refreshing native plugins compatible for Editor in 2.71 ms, found 2 plugins.
Preloading 0 native plugins for Editor in 0.00 ms.
Initialize engine version: 6000.0.35f1 (9a3bc604008a)
[Subsystems] Discovering subsystems at path C:/Program Files/Unity/Hub/Editor/6000.0.35f1-x86_64/Editor/Data/Resources/UnitySubsystems
[Subsystems] Discovering subsystems at path C:/Users/ra00346648/Documents/GitHub/Mod-do-Kartzinho/Assets
GfxDevice: creating device client; kGfxThreadingModeNonThreaded
Direct3D:
    Version:  Direct3D 11.0 [level 11.1]
    Renderer: NVIDIA T400 4GB (ID=0x1ff2)
    Vendor:   NVIDIA
    VRAM:     3943 MB
    Driver:   31.0.15.5362
Initialize mono
Mono path[0] = 'C:/Program Files/Unity/Hub/Editor/6000.0.35f1-x86_64/Editor/Data/Managed'
Mono path[1] = 'C:/Program Files/Unity/Hub/Editor/6000.0.35f1-x86_64/Editor/Data/MonoBleedingEdge/lib/mono/unityjit-win32'
Mono config path = 'C:/Program Files/Unity/Hub/Editor/6000.0.35f1-x86_64/Editor/Data/MonoBleedingEdge/etc'
Using monoOptions --debugger-agent=transport=dt_socket,embedding=1,server=y,suspend=n,address=127.0.0.1:56256
Begin MonoManager ReloadAssembly
Registering precompiled unity dll's ...
Register platform support module: C:/Program Files/Unity/Hub/Editor/6000.0.35f1-x86_64/Editor/Data/PlaybackEngines/WindowsStandaloneSupport/UnityEditor.WindowsStandalone.Extensions.dll
Register platform support module: C:/Program Files/Unity/Hub/Editor/6000.0.35f1-x86_64/Editor/Data/PlaybackEngines/AndroidPlayer/UnityEditor.Android.Extensions.dll
Register platform support module: C:/Program Files/Unity/Hub/Editor/6000.0.35f1-x86_64/Editor/Data/PlaybackEngines/iOSSupport/UnityEditor.iOS.Extensions.dll
Registered in 0.002438 seconds.
- Loaded All Assemblies, in  0.537 seconds
[usbmuxd] Start listen thread
[usbmuxd] Listen thread started
Native extension for iOS target not found
Native extension for Android target not found
Android Extension - Scanning For ADB Devices 153 ms
Native extension for WindowsStandalone target not found
Mono: successfully reloaded assembly
- Finished resetting the current domain, in  0.491 seconds
Domain Reload Profiling: 1028ms
	BeginReloadAssembly (214ms)
		ExecutionOrderSort (0ms)
		DisableScriptedObjects (0ms)
		BackupInstance (0ms)
		ReleaseScriptingObjects (0ms)
		CreateAndSetChildDomain (1ms)
	RebuildCommonClasses (50ms)
	RebuildNativeTypeToScriptingClass (13ms)
	initialDomainReloadingComplete (49ms)
	LoadAllAssembliesAndSetupDomain (211ms)
		LoadAssemblies (217ms)
		RebuildTransferFunctionScriptingTraits (0ms)
		AnalyzeDomain (203ms)
			TypeCache.Refresh (202ms)
				TypeCache.ScanAssembly (188ms)
			BuildScriptInfoCaches (0ms)
			ResolveRequiredComponents (0ms)
	FinalizeReload (492ms)
		ReleaseScriptCaches (0ms)
		RebuildScriptCaches (0ms)
		SetupLoadedEditorAssemblies (464ms)
			LogAssemblyErrors (0ms)
			InitializePlatformSupportModulesInManaged (227ms)
			SetLoadedEditorAssemblies (3ms)
			BeforeProcessingInitializeOnLoad (57ms)
			ProcessInitializeOnLoadAttributes (122ms)
			ProcessInitializeOnLoadMethodAttributes (56ms)
			AfterProcessingInitializeOnLoad (0ms)
			EditorAssembliesLoaded (0ms)
		ExecutionOrderSort2 (0ms)
		AwakeInstancesAfterBackupRestoration (0ms)
========================================================================
Worker process is ready to serve import requests
Import Worker Mode flag is 0x00
Begin MonoManager ReloadAssembly
Symbol file LoadedFromMemory is not a mono symbol file
- Loaded All Assemblies, in  0.645 seconds
Refreshing native plugins compatible for Editor in 2.55 ms, found 2 plugins.
Native extension for iOS target not found
Native extension for Android target not found
Native extension for WindowsStandalone target not found
Refreshing native plugins compatible for Editor in 1.81 ms, found 2 plugins.
Mono: successfully reloaded assembly
- Finished resetting the current domain, in  0.690 seconds
Domain Reload Profiling: 1335ms
	BeginReloadAssembly (126ms)
		ExecutionOrderSort (0ms)
		DisableScriptedObjects (5ms)
		BackupInstance (0ms)
		ReleaseScriptingObjects (0ms)
		CreateAndSetChildDomain (23ms)
	RebuildCommonClasses (24ms)
	RebuildNativeTypeToScriptingClass (8ms)
	initialDomainReloadingComplete (17ms)
	LoadAllAssembliesAndSetupDomain (469ms)
		LoadAssemblies (335ms)
		RebuildTransferFunctionScriptingTraits (0ms)
		AnalyzeDomain (206ms)
			TypeCache.Refresh (161ms)
				TypeCache.ScanAssembly (135ms)
			BuildScriptInfoCaches (39ms)
			ResolveRequiredComponents (3ms)
	FinalizeReload (691ms)
		ReleaseScriptCaches (0ms)
		RebuildScriptCaches (0ms)
		SetupLoadedEditorAssemblies (568ms)
			LogAssemblyErrors (0ms)
			InitializePlatformSupportModulesInManaged (14ms)
			SetLoadedEditorAssemblies (4ms)
			BeforeProcessingInitializeOnLoad (82ms)
			ProcessInitializeOnLoadAttributes (313ms)
			ProcessInitializeOnLoadMethodAttributes (153ms)
			AfterProcessingInitializeOnLoad (2ms)
			EditorAssembliesLoaded (0ms)
		ExecutionOrderSort2 (0ms)
		AwakeInstancesAfterBackupRestoration (5ms)
Launched and connected shader compiler UnityShaderCompiler.exe after 0.02 seconds
Refreshing native plugins compatible for Editor in 3.30 ms, found 2 plugins.
Preloading 0 native plugins for Editor in 0.00 ms.
Unloading 62 Unused Serialized files (Serialized files now loaded: 0)
Unloading 3244 unused Assets / (3.1 MB). Loaded Objects now: 3735.
Memory consumption went from 97.6 MB to 94.5 MB.
Total: 13.132100 ms (FindLiveObjects: 0.363600 ms CreateObjectMapping: 0.320400 ms MarkObjects: 11.014800 ms  DeleteObjects: 1.431900 ms)

========================================================================
Received Prepare
Begin MonoManager ReloadAssembly
Symbol file LoadedFromMemory is not a mono symbol file
- Loaded All Assemblies, in  0.397 seconds
Refreshing native plugins compatible for Editor in 2.54 ms, found 2 plugins.
Native extension for iOS target not found
Native extension for Android target not found
Native extension for WindowsStandalone target not found
Mono: successfully reloaded assembly
- Finished resetting the current domain, in  0.518 seconds
Domain Reload Profiling: 917ms
	BeginReloadAssembly (139ms)
		ExecutionOrderSort (0ms)
		DisableScriptedObjects (4ms)
		BackupInstance (0ms)
		ReleaseScriptingObjects (0ms)
		CreateAndSetChildDomain (31ms)
	RebuildCommonClasses (25ms)
	RebuildNativeTypeToScriptingClass (9ms)
	initialDomainReloadingComplete (16ms)
	LoadAllAssembliesAndSetupDomain (208ms)
		LoadAssemblies (212ms)
		RebuildTransferFunctionScriptingTraits (0ms)
		AnalyzeDomain (70ms)
			TypeCache.Refresh (4ms)
				TypeCache.ScanAssembly (0ms)
			BuildScriptInfoCaches (61ms)
			ResolveRequiredComponents (3ms)
	FinalizeReload (519ms)
		ReleaseScriptCaches (0ms)
		RebuildScriptCaches (0ms)
		SetupLoadedEditorAssemblies (433ms)
			LogAssemblyErrors (0ms)
			InitializePlatformSupportModulesInManaged (11ms)
			SetLoadedEditorAssemblies (4ms)
			BeforeProcessingInitializeOnLoad (62ms)
			ProcessInitializeOnLoadAttributes (233ms)
			ProcessInitializeOnLoadMethodAttributes (121ms)
			AfterProcessingInitializeOnLoad (1ms)
			EditorAssembliesLoaded (0ms)
		ExecutionOrderSort2 (0ms)
		AwakeInstancesAfterBackupRestoration (4ms)
Refreshing native plugins compatible for Editor in 1.99 ms, found 2 plugins.
Preloading 0 native plugins for Editor in 0.00 ms.
Unloading 16 Unused Serialized files (Serialized files now loaded: 0)
Unloading 3242 unused Assets / (3.2 MB). Loaded Objects now: 3735.
Memory consumption went from 87.8 MB to 84.6 MB.
Total: 8.560200 ms (FindLiveObjects: 0.226900 ms CreateObjectMapping: 0.156100 ms MarkObjects: 7.158100 ms  DeleteObjects: 1.018100 ms)

Prepare: number of updated asset objects reloaded= 0
========================================================================
Received Prepare
Begin MonoManager ReloadAssembly
Symbol file LoadedFromMemory is not a mono symbol file
- Loaded All Assemblies, in  0.404 seconds
Refreshing native plugins compatible for Editor in 1.94 ms, found 2 plugins.
Native extension for iOS target not found
Native extension for Android target not found
Native extension for WindowsStandalone target not found
Mono: successfully reloaded assembly
- Finished resetting the current domain, in  0.579 seconds
Domain Reload Profiling: 985ms
	BeginReloadAssembly (137ms)
		ExecutionOrderSort (0ms)
		DisableScriptedObjects (4ms)
		BackupInstance (0ms)
		ReleaseScriptingObjects (0ms)
		CreateAndSetChildDomain (34ms)
	RebuildCommonClasses (25ms)
	RebuildNativeTypeToScriptingClass (9ms)
	initialDomainReloadingComplete (17ms)
	LoadAllAssembliesAndSetupDomain (217ms)
		LoadAssemblies (211ms)
		RebuildTransferFunctionScriptingTraits (0ms)
		AnalyzeDomain (75ms)
			TypeCache.Refresh (4ms)
				TypeCache.ScanAssembly (0ms)
			BuildScriptInfoCaches (66ms)
			ResolveRequiredComponents (3ms)
	FinalizeReload (580ms)
		ReleaseScriptCaches (0ms)
		RebuildScriptCaches (0ms)
		SetupLoadedEditorAssemblies (481ms)
			LogAssemblyErrors (0ms)
			InitializePlatformSupportModulesInManaged (11ms)
			SetLoadedEditorAssemblies (3ms)
			BeforeProcessingInitializeOnLoad (69ms)
			ProcessInitializeOnLoadAttributes (243ms)
			ProcessInitializeOnLoadMethodAttributes (152ms)
			AfterProcessingInitializeOnLoad (2ms)
			EditorAssembliesLoaded (0ms)
		ExecutionOrderSort2 (0ms)
		AwakeInstancesAfterBackupRestoration (5ms)
Refreshing native plugins compatible for Editor in 4.81 ms, found 2 plugins.
Preloading 0 native plugins for Editor in 0.00 ms.
Unloading 16 Unused Serialized files (Serialized files now loaded: 0)
Unloading 3242 unused Assets / (3.2 MB). Loaded Objects now: 3735.
Memory consumption went from 87.8 MB to 84.6 MB.
Total: 9.437300 ms (FindLiveObjects: 0.257800 ms CreateObjectMapping: 0.211300 ms MarkObjects: 7.805400 ms  DeleteObjects: 1.161600 ms)

Prepare: number of updated asset objects reloaded= 0
========================================================================
Received Import Request.
  Time since last request: 2538.754755 seconds.
  path: Assets/ChallengeAssets/RepoBall/Stylized Profiles/Custom Profile.asset
  artifactKey: Guid(8136e38f323444ded906c0f377e9634e) Importer(815301076,1909f56bfc062723c751e8b465ee728b)
Start importing Assets/ChallengeAssets/RepoBall/Stylized Profiles/Custom Profile.asset using Guid(8136e38f323444ded906c0f377e9634e) Importer(815301076,1909f56bfc062723c751e8b465ee728b) (PreviewImporter) -> (artifact id: '3c4872a39bedb110e5ab1b74149de98a') in 0.0401385 seconds
Number of updated asset objects reloaded before import = 0Number of asset objects unloaded after import = 6

========================================================================
Received Import Request.
  Time since last request: 0.000025 seconds.
  path: Assets/ChallengeAssets/Platformer/Environment Sprites Colored/Environment Sprites Brown/fence_brown.png
  artifactKey: Guid(0d92e8a89df6b4e80a4182cd76ec42b1) Importer(815301076,1909f56bfc062723c751e8b465ee728b)
Start importing Assets/ChallengeAssets/Platformer/Environment Sprites Colored/Environment Sprites Brown/fence_brown.png using Guid(0d92e8a89df6b4e80a4182cd76ec42b1) Importer(815301076,1909f56bfc062723c751e8b465ee728b) (PreviewImporter) -> (artifact id: 'dede4f71f330b134988b5cb0dc6cd4ac') in 0.0827536 seconds
Number of updated asset objects reloaded before import = 0Number of asset objects unloaded after import = 3

========================================================================
Received Import Request.
  Time since last request: 0.000037 seconds.
  path: Assets/ChallengeAssets/Platformer/Environment Sprites Colored/Environment Sprites Gold/MidgroundFiller_yellow.png
  artifactKey: Guid(9f045422c06564ca2b167e3b6c363f9b) Importer(815301076,1909f56bfc062723c751e8b465ee728b)
Start importing Assets/ChallengeAssets/Platformer/Environment Sprites Colored/Environment Sprites Gold/MidgroundFiller_yellow.png using Guid(9f045422c06564ca2b167e3b6c363f9b) Importer(815301076,1909f56bfc062723c751e8b465ee728b) (PreviewImporter) -> (artifact id: '60a7b7b76d6146e5ded2211a86532054') in 0.0153171 seconds
Number of updated asset objects reloaded before import = 0Number of asset objects unloaded after import = 3

========================================================================
Received Import Request.
  Time since last request: 0.000017 seconds.
  path: Assets/ChallengeAssets/Platformer/Environment Sprites Colored/Environment Sprites Teal/MidgroundFiller.png
  artifactKey: Guid(46173b271ce904b2384f6269a23f036e) Importer(815301076,1909f56bfc062723c751e8b465ee728b)
Start importing Assets/ChallengeAssets/Platformer/Environment Sprites Colored/Environment Sprites Teal/MidgroundFiller.png using Guid(46173b271ce904b2384f6269a23f036e) Importer(815301076,1909f56bfc062723c751e8b465ee728b) (PreviewImporter) -> (artifact id: 'aab1e50a714d51458495ae3b41a28afb') in 0.0142447 seconds
Number of updated asset objects reloaded before import = 0Number of asset objects unloaded after import = 3

========================================================================
Received Import Request.
  Time since last request: 0.000083 seconds.
  path: Assets/ChallengeAssets/Platformer/Environment Sprites Colored/Environment Sprites Brown/plant_brown.png
  artifactKey: Guid(b4fcf44bc5f874f889c65047797f64b0) Importer(815301076,1909f56bfc062723c751e8b465ee728b)
Start importing Assets/ChallengeAssets/Platformer/Environment Sprites Colored/Environment Sprites Brown/plant_brown.png using Guid(b4fcf44bc5f874f889c65047797f64b0) Importer(815301076,1909f56bfc062723c751e8b465ee728b) (PreviewImporter) -> (artifact id: '696a29bb741fbe261dc610f9d0e7dfca') in 0.0330075 seconds
Number of updated asset objects reloaded before import = 0Number of asset objects unloaded after import = 3

========================================================================
Received Import Request.
  Time since last request: 0.000097 seconds.
  path: Assets/ChallengeAssets/Platformer/Environment Sprites Colored/Environment Sprites Brown/MidgroundFiller_brown.png
  artifactKey: Guid(3e7c0350ec679444abe5b018ccdc5019) Importer(815301076,1909f56bfc062723c751e8b465ee728b)
Start importing Assets/ChallengeAssets/Platformer/Environment Sprites Colored/Environment Sprites Brown/MidgroundFiller_brown.png using Guid(3e7c0350ec679444abe5b018ccdc5019) Importer(815301076,1909f56bfc062723c751e8b465ee728b) (PreviewImporter) -> (artifact id: '64ae7256dffa639d63fdc953979abab7') in 0.0147196 seconds
Number of updated asset objects reloaded before import = 0Number of asset objects unloaded after import = 3

========================================================================
Received Import Request.
  Time since last request: 0.000016 seconds.
  path: Assets/ChallengeAssets/Platformer/Environment Sprites Colored/Environment Sprites Teal/midground.png
  artifactKey: Guid(6008cdc603da64bf69c195d4261b33be) Importer(815301076,1909f56bfc062723c751e8b465ee728b)
Start importing Assets/ChallengeAssets/Platformer/Environment Sprites Colored/Environment Sprites Teal/midground.png using Guid(6008cdc603da64bf69c195d4261b33be) Importer(815301076,1909f56bfc062723c751e8b465ee728b) (PreviewImporter) -> (artifact id: 'e89293aa134935b678e08a4a5d5e1446') in 0.0298152 seconds
Number of updated asset objects reloaded before import = 0Number of asset objects unloaded after import = 3

========================================================================
Received Import Request.
  Time since last request: 0.000017 seconds.
  path: Assets/ChallengeAssets/Platformer/Environment Sprites Colored/Environment Sprites Brown/mountains_brown.png
  artifactKey: Guid(34724a97ee23b4fb6982962e3ba84831) Importer(815301076,1909f56bfc062723c751e8b465ee728b)
Start importing Assets/ChallengeAssets/Platformer/Environment Sprites Colored/Environment Sprites Brown/mountains_brown.png using Guid(34724a97ee23b4fb6982962e3ba84831) Importer(815301076,1909f56bfc062723c751e8b465ee728b) (PreviewImporter) -> (artifact id: '2b2f22b5859cf6eff74cc56a25a2e9e9') in 0.0209877 seconds
Number of updated asset objects reloaded before import = 0Number of asset objects unloaded after import = 3

========================================================================
Received Import Request.
  Time since last request: 0.000117 seconds.
  path: Assets/ChallengeAssets/RepoBall/Stylized Profiles/OldTimey Profile.asset
  artifactKey: Guid(655a938b37aae489694b989738056b6e) Importer(815301076,1909f56bfc062723c751e8b465ee728b)
Start importing Assets/ChallengeAssets/RepoBall/Stylized Profiles/OldTimey Profile.asset using Guid(655a938b37aae489694b989738056b6e) Importer(815301076,1909f56bfc062723c751e8b465ee728b) (PreviewImporter) -> (artifact id: '53367e1f4f7a945db3e2755a6d18ca3f') in 0.0019483 seconds
Number of updated asset objects reloaded before import = 0Number of asset objects unloaded after import = 6

========================================================================
Received Import Request.
  Time since last request: 0.000011 seconds.
  path: Assets/ChallengeAssets/Platformer/Environment Sprites Colored/Environment Sprites Brown/house_brown.png
  artifactKey: Guid(b81846ef5cfe344758af2068c1886e06) Importer(815301076,1909f56bfc062723c751e8b465ee728b)
Start importing Assets/ChallengeAssets/Platformer/Environment Sprites Colored/Environment Sprites Brown/house_brown.png using Guid(b81846ef5cfe344758af2068c1886e06) Importer(815301076,1909f56bfc062723c751e8b465ee728b) (PreviewImporter) -> (artifact id: '11ba2b3518321c040370f4fd4175e390') in 0.0168327 seconds
Number of updated asset objects reloaded before import = 0Number of asset objects unloaded after import = 3

========================================================================
Received Import Request.
  Time since last request: 0.325802 seconds.
  path: Assets/TextureHaven/rock_4k/rock_4k_materials/rock_01.mat
  artifactKey: Guid(a62cc74b12333f04cb06d13bf35a05be) Importer(815301076,1909f56bfc062723c751e8b465ee728b)
Start importing Assets/TextureHaven/rock_4k/rock_4k_materials/rock_01.mat using Guid(a62cc74b12333f04cb06d13bf35a05be) Importer(815301076,1909f56bfc062723c751e8b465ee728b) (PreviewImporter) -> (artifact id: '337a5008235d16bf67b0470e70082282') in 0.2378105 seconds
Number of updated asset objects reloaded before import = 0Number of asset objects unloaded after import = 1

========================================================================
Received Import Request.
  Time since last request: 0.000022 seconds.
  path: Assets/TextureHaven/rock_4k/rock_4k_materials/rock_2.mat
  artifactKey: Guid(bb737ddf77f83fd4dad54c6b6150cdc5) Importer(815301076,1909f56bfc062723c751e8b465ee728b)
Start importing Assets/TextureHaven/rock_4k/rock_4k_materials/rock_2.mat using Guid(bb737ddf77f83fd4dad54c6b6150cdc5) Importer(815301076,1909f56bfc062723c751e8b465ee728b) (PreviewImporter) -> (artifact id: '9d93dad02c7f0ec40c554eb99c2c509b') in 0.0154809 seconds
Number of updated asset objects reloaded before import = 0Number of asset objects unloaded after import = 1

========================================================================
Received Import Request.
  Time since last request: 0.000027 seconds.
  path: Assets/TextureHaven/rock_4k/rock_4k_materials/rock_05.mat
  artifactKey: Guid(b1d791bf3c73eb44596c07cf990994a7) Importer(815301076,1909f56bfc062723c751e8b465ee728b)
Start importing Assets/TextureHaven/rock_4k/rock_4k_materials/rock_05.mat using Guid(b1d791bf3c73eb44596c07cf990994a7) Importer(815301076,1909f56bfc062723c751e8b465ee728b) (PreviewImporter) -> (artifact id: 'ab8d45806a35c8c4c53b699824921b03') in 0.0175098 seconds
Number of updated asset objects reloaded before import = 0Number of asset objects unloaded after import = 1

========================================================================
Received Import Request.
  Time since last request: 0.000097 seconds.
  path: Assets/TextureHaven/rock_4k/rock_4k_materials/rock_08.mat
  artifactKey: Guid(4e77562e49595584e941ba0bf98871c6) Importer(815301076,1909f56bfc062723c751e8b465ee728b)
Start importing Assets/TextureHaven/rock_4k/rock_4k_materials/rock_08.mat using Guid(4e77562e49595584e941ba0bf98871c6) Importer(815301076,1909f56bfc062723c751e8b465ee728b) (PreviewImporter) -> (artifact id: '8be3ccac62e3e2a8fd229c2d2c97a3bf') in 0.0143661 seconds
Number of updated asset objects reloaded before import = 0Number of asset objects unloaded after import = 1

Editor requested this worker to shutdown with reason: Scaling down because of idle timeout
AssetImportWorkerClient::OnTransportError - code=2 error=End of file
AssetImportWorker is now disconnected from the server
Process exiting
Exiting without the bug reporter. Application will terminate with return code 0